══════════════════════════════════════════════════
           Crypto Exchange Screener Bot           
══════════════════════════════════════════════════
🔧 Конфигурация:
   Сеть: Mainnet ⚡
   Интервал обновления: 10 секунд
   Отслеживаемые интервалы: 1м, 5м, 10м, 15м, 30м, 1ч, 2ч, 4ч, 8ч, 12ч, 1д, 7д, 30д

📈 Мониторинг 487 USDT-пар
   Примеры: BTCUSDT, ETHUSDT, BNBUSDT

2025/12/16 12:51:01 📥 Получено 652 тикеров от API
2025/12/16 12:51:01 ✅ Обновлено 487 цен в 12:51:01
🔄 Мониторинг запущен (обновление каждые 10 сек)
   API доступен по адресу: http://localhost:8080

🌐 Запуск HTTP сервера на порту 8080...
🎮 Управление:
   Ctrl+C - Остановить бота

──────────────────────────────────────────────────
📊 Статус-горутина запущена
📈 Статус-монитор запущен
📊 Первоначальные данные загружены

💰 BTCUSDT (1 час): 🟢 +0.06%
2025/12/16 12:51:11 📥 Получено 652 тикеров от API
🔄 Обновление #1 завершено в 12:51:11 (всего: 1)
──────────────────────────────────────────────────
📊 СТАТУС СИСТЕМЫ (итерация #1)
   ⏱️  Время работы: 10с
   🔄 Обновлений: 1
   📈 Пар: 487
   💾 Память: 2.13 MB
   🧵 Горутин: 9
   🕐 Текущее время: 12:51:11
   ⏭️  След. обновление: 12:51:21
──────────────────────────────────────────────────
🔄 Обновление #2 завершено в 12:51:21 (всего: 2)
──────────────────────────────────────────────────
📊 СТАТУС СИСТЕМЫ (итерация #2)
   ⏱️  Время работы: 20с
   🔄 Обновлений: 1
   📈 Пар: 487
   💾 Память: 1.04 MB
   🧵 Горутин: 10
   🕐 Текущее время: 12:51:21
   ⏭️  След. обновление: 12:51:31
──────────────────────────────────────────────────
──────────────────────────────────────────────────
📊 СТАТУС СИСТЕМЫ (итерация #3)
   ⏱️  Время работы: 30с
   🔄 Обновлений: 2
   📈 Пар: 487
   💾 Память: 1.04 MB
   🧵 Горутин: 9
   🕐 Текущее время: 12:51:31
   ⏭️  След. обновление: 12:51:41
──────────────────────────────────────────────────
🔄 Обновление #3 завершено в 12:51:31 (всего: 3)
🔄 Обновление #4 завершено в 12:51:41 (всего: 4)
──────────────────────────────────────────────────
📊 СТАТУС СИСТЕМЫ (итерация #4)
   ⏱️  Время работы: 40с
   🔄 Обновлений: 4
   📈 Пар: 487
   💾 Память: 1.06 MB
   🧵 Горутин: 10
   🕐 Текущее время: 12:51:41
   ⏭️  След. обновление: 12:51:51
──────────────────────────────────────────────────
──────────────────────────────────────────────────
📊 СТАТУС СИСТЕМЫ (итерация #5)
🔄 Обновление #5 завершено в 12:51:51 (всего: 5)
   ⏱️  Время работы: 50с
   🔄 Обновлений: 5
   📈 Пар: 487
   💾 Память: 1.07 MB
   🧵 Горутин: 11
   🕐 Текущее время: 12:51:51
   ⏭️  След. обновление: 12:52:01
──────────────────────────────────────────────────
──────────────────────────────────────────────────
📊 СТАТУС СИСТЕМЫ (итерация #6)
   ⏱️  Время работы: 1м 0с
   🔄 Обновлений: 5
   📈 Пар: 487
🔄 Обновление #6 завершено в 12:52:01 (всего: 6)
   💾 Память: 1.07 MB
   🧵 Горутин: 11
   🕐 Текущее время: 12:52:01
   ⏭️  След. обновление: 12:52:11
──────────────────────────────────────────────────
🔄 Обновление #7 завершено в 12:52:11 (всего: 7)
──────────────────────────────────────────────────
📊 СТАТУС СИСТЕМЫ (итерация #7)
   ⏱️  Время работы: 1м 10с
   🔄 Обновлений: 6
   📈 Пар: 487
   💾 Память: 1.07 MB
   🧵 Горутин: 11
   🕐 Текущее время: 12:52:11
   ⏭️  След. обновление: 12:52:21
──────────────────────────────────────────────────
🔄 Обновление #8 завершено в 12:52:21 (всего: 8)
──────────────────────────────────────────────────
📊 СТАТУС СИСТЕМЫ (итерация #8)
   ⏱️  Время работы: 1м 20с
   🔄 Обновлений: 8
   📈 Пар: 487
   💾 Память: 1.07 MB
   🧵 Горутин: 11
   🕐 Текущее время: 12:52:21
   ⏭️  След. обновление: 12:52:31
──────────────────────────────────────────────────
──────────────────────────────────────────────────
📊 СТАТУС СИСТЕМЫ (итерация #9)
   ⏱️  Время работы: 1м 30с
   🔄 Обновлений: 8
   📈 Пар: 487
🔄 Обновление #9 завершено в 12:52:31 (всего: 9)
   💾 Память: 1.07 MB
   🧵 Горутин: 11
   🕐 Текущее время: 12:52:31
   ⏭️  След. обновление: 12:52:41
──────────────────────────────────────────────────
